# JRE version: Java(TM) SE Runtime Environment 18.9 (11.0.10+8) (build 11.0.10+8-LTS-162)
# Java VM: Java HotSpot(TM) 64-Bit Server VM 18.9 (11.0.10+8-LTS-162, mixed mode, tiered, compressed oops, parallel gc, windows-amd64)
Heap:
 PSYoungGen      total 3072K, used 2591K [0x00000000eab00000, 0x00000000eaf00000, 0x0000000100000000)
  eden space 2048K, 99% used [0x00000000eab00000,0x00000000eacffe18,0x00000000ead00000)
  from space 1024K, 53% used [0x00000000eae00000,0x00000000eae88000,0x00000000eaf00000)
  to   space 1024K, 0% used [0x00000000ead00000,0x00000000ead00000,0x00000000eae00000)
 ParOldGen       total 135680K, used 122780K [0x00000000c0000000, 0x00000000c8480000, 0x00000000eab00000)
  object space 135680K, 90% used [0x00000000c0000000,0x00000000c77e73d8,0x00000000c8480000)
 Metaspace       used 71421K, capacity 74402K, committed 74496K, reserved 1116160K
  class space    used 6602K, capacity 7668K, committed 7680K, reserved 1048576K
GC Heap History (10 events):
Event: 782.388 GC heap after
{Heap after GC invocations=867 (full 30):
 PSYoungGen      total 3584K, used 1411K [0x00000000eab00000, 0x00000000eb100000, 0x0000000100000000)
  eden space 2048K, 0% used [0x00000000eab00000,0x00000000eab00000,0x00000000ead00000)
  from space 1536K, 91% used [0x00000000ead00000,0x00000000eae60ce0,0x00000000eae80000)
  to   space 2048K, 0% used [0x00000000eaf00000,0x00000000eaf00000,0x00000000eb100000)
 ParOldGen       total 135680K, used 114738K [0x00000000c0000000, 0x00000000c8480000, 0x00000000eab00000)
  object space 135680K, 84% used [0x00000000c0000000,0x00000000c700c970,0x00000000c8480000)
 Metaspace       used 71401K, capacity 74402K, committed 74496K, reserved 1116160K
  class space    used 6599K, capacity 7668K, committed 7680K, reserved 1048576K
}
Event: 782.398 GC heap before
{Heap before GC invocations=868 (full 30):
 PSYoungGen      total 3584K, used 3459K [0x00000000eab00000, 0x00000000eb100000, 0x0000000100000000)
  eden space 2048K, 100% used [0x00000000eab00000,0x00000000ead00000,0x00000000ead00000)
  from space 1536K, 91% used [0x00000000ead00000,0x00000000eae60ce0,0x00000000eae80000)
  to   space 2048K, 0% used [0x00000000eaf00000,0x00000000eaf00000,0x00000000eb100000)
 ParOldGen       total 135680K, used 114738K [0x00000000c0000000, 0x00000000c8480000, 0x00000000eab00000)
  object space 135680K, 84% used [0x00000000c0000000,0x00000000c700c970,0x00000000c8480000)
 Metaspace       used 71401K, capacity 74402K, committed 74496K, reserved 1116160K
  class space    used 6599K, capacity 7668K, committed 7680K, reserved 1048576K
}
Event: 782.400 GC heap after
{Heap after GC invocations=868 (full 30):
 PSYoungGen      total 3072K, used 928K [0x00000000eab00000, 0x00000000eb000000, 0x0000000100000000)
  eden space 2048K, 0% used [0x00000000eab00000,0x00000000eab00000,0x00000000ead00000)
  from space 1024K, 90% used [0x00000000eaf00000,0x00000000eafe8000,0x00000000eb000000)
  to   space 1536K, 0% used [0x00000000ead00000,0x00000000ead00000,0x00000000eae80000)
 ParOldGen       total 135680K, used 116025K [0x00000000c0000000, 0x00000000c8480000, 0x00000000eab00000)
  object space 135680K, 85% used [0x00000000c0000000,0x00000000c714e4d0,0x00000000c8480000)
 Metaspace       used 71401K, capacity 74402K, committed 74496K, reserved 1116160K
  class space    used 6599K, capacity 7668K, committed 7680K, reserved 1048576K
}
Event: 782.410 GC heap before
{Heap before GC invocations=869 (full 30):
 PSYoungGen      total 3072K, used 2976K [0x00000000eab00000, 0x00000000eb000000, 0x0000000100000000)
  eden space 2048K, 100% used [0x00000000eab00000,0x00000000ead00000,0x00000000ead00000)
  from space 1024K, 90% used [0x00000000eaf00000,0x00000000eafe8000,0x00000000eb000000)
  to   space 1536K, 0% used [0x00000000ead00000,0x00000000ead00000,0x00000000eae80000)
 ParOldGen       total 135680K, used 116025K [0x00000000c0000000, 0x00000000c8480000, 0x00000000eab00000)
  object space 135680K, 85% used [0x00000000c0000000,0x00000000c714e4d0,0x00000000c8480000)
 Metaspace       used 71401K, capacity 74402K, committed 74496K, reserved 1116160K
  class space    used 6599K, capacity 7668K, committed 7680K, reserved 1048576K
}
Event: 782.412 GC heap after
{Heap after GC invocations=869 (full 30):
 PSYoungGen      total 3584K, used 800K [0x00000000eab00000, 0x00000000eaf80000, 0x0000000100000000)
  eden space 2048K, 0% used [0x00000000eab00000,0x00000000eab00000,0x00000000ead00000)
  from space 1536K, 52% used [0x00000000ead00000,0x00000000eadc8000,0x00000000eae80000)
  to   space 1024K, 0% used [0x00000000eae80000,0x00000000eae80000,0x00000000eaf80000)
 ParOldGen       total 135680K, used 116537K [0x00000000c0000000, 0x00000000c8480000, 0x00000000eab00000)
  object space 135680K, 85% used [0x00000000c0000000,0x00000000c71ce4d0,0x00000000c8480000)
 Metaspace       used 71401K, capacity 74402K, committed 74496K, reserved 1116160K
  class space    used 6599K, capacity 7668K, committed 7680K, reserved 1048576K
}
Event: 782.423 GC heap before
{Heap before GC invocations=870 (full 30):
 PSYoungGen      total 3584K, used 2848K [0x00000000eab00000, 0x00000000eaf80000, 0x0000000100000000)
  eden space 2048K, 100% used [0x00000000eab00000,0x00000000ead00000,0x00000000ead00000)
  from space 1536K, 52% used [0x00000000ead00000,0x00000000eadc8000,0x00000000eae80000)
  to   space 1024K, 0% used [0x00000000eae80000,0x00000000eae80000,0x00000000eaf80000)
 ParOldGen       total 135680K, used 116537K [0x00000000c0000000, 0x00000000c8480000, 0x00000000eab00000)
  object space 135680K, 85% used [0x00000000c0000000,0x00000000c71ce4d0,0x00000000c8480000)
 Metaspace       used 71401K, capacity 74402K, committed 74496K, reserved 1116160K
  class space    used 6599K, capacity 7668K, committed 7680K, reserved 1048576K
}
Event: 782.424 GC heap after
{Heap after GC invocations=870 (full 30):
 PSYoungGen      total 2560K, used 1024K [0x00000000eab00000, 0x00000000eb100000, 0x0000000100000000)
  eden space 1536K, 0% used [0x00000000eab00000,0x00000000eab00000,0x00000000eac80000)
  from space 1024K, 100% used [0x00000000eae80000,0x00000000eaf80000,0x00000000eaf80000)
  to   space 2048K, 0% used [0x00000000eac80000,0x00000000eac80000,0x00000000eae80000)
 ParOldGen       total 135680K, used 117363K [0x00000000c0000000, 0x00000000c8480000, 0x00000000eab00000)
  object space 135680K, 86% used [0x00000000c0000000,0x00000000c729cf48,0x00000000c8480000)
 Metaspace       used 71401K, capacity 74402K, committed 74496K, reserved 1116160K
  class space    used 6599K, capacity 7668K, committed 7680K, reserved 1048576K
}
Event: 782.433 GC heap before
{Heap before GC invocations=871 (full 30):
 PSYoungGen      total 2560K, used 2560K [0x00000000eab00000, 0x00000000eb100000, 0x0000000100000000)
  eden space 1536K, 100% used [0x00000000eab00000,0x00000000eac80000,0x00000000eac80000)
  from space 1024K, 100% used [0x00000000eae80000,0x00000000eaf80000,0x00000000eaf80000)
  to   space 2048K, 0% used [0x00000000eac80000,0x00000000eac80000,0x00000000eae80000)
 ParOldGen       total 135680K, used 117363K [0x00000000c0000000, 0x00000000c8480000, 0x00000000eab00000)
  object space 135680K, 86% used [0x00000000c0000000,0x00000000c729cf48,0x00000000c8480000)
 Metaspace       used 71401K, capacity 74402K, committed 74496K, reserved 1116160K
  class space    used 6599K, capacity 7668K, committed 7680K, reserved 1048576K
}
Event: 782.435 GC heap after
{Heap after GC invocations=871 (full 30):
 PSYoungGen      total 2560K, used 736K [0x00000000eab00000, 0x00000000eaf80000, 0x0000000100000000)
  eden space 1536K, 0% used [0x00000000eab00000,0x00000000eab00000,0x00000000eac80000)
  from space 1024K, 71% used [0x00000000eac80000,0x00000000ead38000,0x00000000ead80000)
  to   space 1536K, 0% used [0x00000000eae00000,0x00000000eae00000,0x00000000eaf80000)
 ParOldGen       total 135680K, used 118343K [0x00000000c0000000, 0x00000000c8480000, 0x00000000eab00000)
  object space 135680K, 87% used [0x00000000c0000000,0x00000000c7391e08,0x00000000c8480000)
 Metaspace       used 71401K, capacity 74402K, committed 74496K, reserved 1116160K
  class space    used 6599K, capacity 7668K, committed 7680K, reserved 1048576K
}
Event: 782.444 GC heap before
{Heap before GC invocations=872 (full 30):
 PSYoungGen      total 2560K, used 2272K [0x00000000eab00000, 0x00000000eaf80000, 0x0000000100000000)
  eden space 1536K, 100% used [0x00000000eab00000,0x00000000eac80000,0x00000000eac80000)
  from space 1024K, 71% used [0x00000000eac80000,0x00000000ead38000,0x00000000ead80000)
  to   space 1536K, 0% used [0x00000000eae00000,0x00000000eae00000,0x00000000eaf80000)
 ParOldGen       total 135680K, used 118343K [0x00000000c0000000, 0x00000000c8480000, 0x00000000eab00000)
  object space 135680K, 87% used [0x00000000c0000000,0x00000000c7391e08,0x00000000c8480000)
 Metaspace       used 71401K, capacity 74402K, committed 74496K, reserved 1116160K
  class space    used 6599K, capacity 7668K, committed 7680K, reserved 1048576K
}

